#-----------------------------------------------------------
# Vivado v2018.2 (64-bit)
# SW Build 2258646 on Thu Jun 14 20:03:12 MDT 2018
# IP Build 2256618 on Thu Jun 14 22:10:49 MDT 2018
# Start of session at: Sun Feb 24 20:13:52 2019
# Process ID: 12816
# Current directory: C:/Users/luisg/Desktop/Winter 2018/CPE-233/assignments/RAT/rat_3_Reg_File
# Command line: vivado.exe -gui_launcher_event rodinguilauncherevent12852 C:\Users\luisg\Desktop\Winter 2018\CPE-233\assignments\RAT\rat_3_Reg_File\rat3_b_scratch_ram.xpr
# Log file: C:/Users/luisg/Desktop/Winter 2018/CPE-233/assignments/RAT/rat_3_Reg_File/vivado.log
# Journal file: C:/Users/luisg/Desktop/Winter 2018/CPE-233/assignments/RAT/rat_3_Reg_File\vivado.jou
#-----------------------------------------------------------
start_gui
open_project {C:/Users/luisg/Desktop/Winter 2018/CPE-233/assignments/RAT/rat_3_Reg_File/rat3_b_scratch_ram.xpr}
INFO: [Project 1-313] Project file moved from 'C:/Users/Ye/Desktop/school/FPGA Projects/rat3_b_scratch_ram' since last save.
CRITICAL WARNING: [Project 1-311] Could not find the file 'C:/Users/luisg/Desktop/Winter 2018/CPE-233/assignments/RAT/rat_3_Reg_File/rat3_b_scratch_ram.srcs/sources_1/new/scratch_ram.sv', nor could it be found using path 'C:/Users/Ye/Desktop/school/FPGA Projects/rat3_b_scratch_ram/rat3_b_scratch_ram.srcs/sources_1/new/scratch_ram.sv'.
CRITICAL WARNING: [Project 1-311] Could not find the file 'C:/Users/luisg/Desktop/Winter 2018/CPE-233/assignments/RAT/rat_3_Reg_File/rat3_b_scratch_ram.srcs/sim_1/new/scratch_ram_tb.sv', nor could it be found using path 'C:/Users/Ye/Desktop/school/FPGA Projects/rat3_b_scratch_ram/rat3_b_scratch_ram.srcs/sim_1/new/scratch_ram_tb.sv'.
Scanning sources...
Finished scanning sources
WARNING: [filemgmt 56-2] IPUserFilesDir: Could not find the directory 'C:/Users/luisg/Desktop/Winter 2018/CPE-233/assignments/RAT/rat_3_Reg_File/rat3_b_scratch_ram.ip_user_files', nor could it be found using path 'C:/Users/Ye/Desktop/school/FPGA Projects/rat3_b_scratch_ram/rat3_b_scratch_ram.ip_user_files'.
WARNING: [Project 1-231] Project 'rat3_b_scratch_ram.xpr' was created with a future version and may or may not perform reliably with this version of Vivado. It has been opened in read-only mode for the protection of unrecognized data. Use 'File | Save Project As...' if you wish to alter a copy of the project.
INFO: [IP_Flow 19-234] Refreshing IP repositories
INFO: [IP_Flow 19-1704] No user IP repositories specified
INFO: [IP_Flow 19-2313] Loaded Vivado IP repository 'C:/Xilinx/Vivado/2018.2/data/ip'.
update_compile_order -fileset sources_1
update_compile_order -fileset sim_1
exit
INFO: [Common 17-206] Exiting Vivado at Sun Feb 24 20:15:44 2019...
